2024-04-23 10:45:42,255:WARNING:
'cuml' is a soft dependency and not included in the pycaret installation. Please run: `pip install cuml` to install.
2024-04-23 10:45:42,256:WARNING:
'cuml' is a soft dependency and not included in the pycaret installation. Please run: `pip install cuml` to install.
2024-04-23 10:45:42,256:WARNING:
'cuml' is a soft dependency and not included in the pycaret installation. Please run: `pip install cuml` to install.
2024-04-23 10:45:42,256:WARNING:
'cuml' is a soft dependency and not included in the pycaret installation. Please run: `pip install cuml` to install.
2024-04-23 11:16:08,218:INFO:PyCaret RegressionExperiment
2024-04-23 11:16:08,218:INFO:Logging name: reg-default-name
2024-04-23 11:16:08,218:INFO:ML Usecase: MLUsecase.REGRESSION
2024-04-23 11:16:08,219:INFO:version 3.3.1
2024-04-23 11:16:08,219:INFO:Initializing setup()
2024-04-23 11:16:08,219:INFO:self.USI: 13f2
2024-04-23 11:16:08,219:INFO:self._variable_keys: {'_available_plots', 'gpu_n_jobs_param', 'gpu_param', 'logging_param', 'fold_generator', 'log_plots_param', 'USI', 'y_test', 'pipeline', 'transform_target_param', 'data', 'X', 'n_jobs_param', 'fold_groups_param', 'memory', 'X_test', 'exp_name_log', 'idx', 'html_param', 'target_param', 'y', 'X_train', 'exp_id', 'fold_shuffle_param', 'seed', 'y_train', '_ml_usecase'}
2024-04-23 11:16:08,219:INFO:Checking environment
2024-04-23 11:16:08,219:INFO:python_version: 3.11.9
2024-04-23 11:16:08,219:INFO:python_build: ('main', 'Apr 19 2024 16:40:41')
2024-04-23 11:16:08,219:INFO:machine: AMD64
2024-04-23 11:16:08,219:INFO:platform: Windows-10-10.0.19045-SP0
2024-04-23 11:16:08,219:INFO:Memory: svmem(total=21125947392, available=7430479872, percent=64.8, used=13695467520, free=7430479872)
2024-04-23 11:16:08,219:INFO:Physical Core: 4
2024-04-23 11:16:08,219:INFO:Logical Core: 8
2024-04-23 11:16:08,219:INFO:Checking libraries
2024-04-23 11:16:08,219:INFO:System:
2024-04-23 11:16:08,219:INFO:    python: 3.11.9 | packaged by Anaconda, Inc. | (main, Apr 19 2024, 16:40:41) [MSC v.1916 64 bit (AMD64)]
2024-04-23 11:16:08,219:INFO:executable: C:\Users\User\Nueva carpeta\envs\myenv311\python.exe
2024-04-23 11:16:08,219:INFO:   machine: Windows-10-10.0.19045-SP0
2024-04-23 11:16:08,219:INFO:PyCaret required dependencies:
2024-04-23 11:16:08,268:INFO:                 pip: 23.3.1
2024-04-23 11:16:08,268:INFO:          setuptools: 68.2.2
2024-04-23 11:16:08,268:INFO:             pycaret: 3.3.1
2024-04-23 11:16:08,268:INFO:             IPython: 8.20.0
2024-04-23 11:16:08,268:INFO:          ipywidgets: 8.1.2
2024-04-23 11:16:08,268:INFO:                tqdm: 4.66.2
2024-04-23 11:16:08,268:INFO:               numpy: 1.26.4
2024-04-23 11:16:08,268:INFO:              pandas: 2.1.4
2024-04-23 11:16:08,268:INFO:              jinja2: 3.1.3
2024-04-23 11:16:08,268:INFO:               scipy: 1.11.4
2024-04-23 11:16:08,268:INFO:              joblib: 1.3.2
2024-04-23 11:16:08,268:INFO:             sklearn: 1.4.2
2024-04-23 11:16:08,268:INFO:                pyod: 1.1.3
2024-04-23 11:16:08,268:INFO:            imblearn: 0.12.2
2024-04-23 11:16:08,268:INFO:   category_encoders: 2.6.3
2024-04-23 11:16:08,268:INFO:            lightgbm: 4.3.0
2024-04-23 11:16:08,268:INFO:               numba: 0.59.1
2024-04-23 11:16:08,268:INFO:            requests: 2.31.0
2024-04-23 11:16:08,268:INFO:          matplotlib: 3.7.5
2024-04-23 11:16:08,269:INFO:          scikitplot: 0.3.7
2024-04-23 11:16:08,269:INFO:         yellowbrick: 1.5
2024-04-23 11:16:08,269:INFO:              plotly: 5.21.0
2024-04-23 11:16:08,269:INFO:    plotly-resampler: Not installed
2024-04-23 11:16:08,269:INFO:             kaleido: 0.2.1
2024-04-23 11:16:08,269:INFO:           schemdraw: 0.15
2024-04-23 11:16:08,269:INFO:         statsmodels: 0.14.2
2024-04-23 11:16:08,269:INFO:              sktime: 0.26.0
2024-04-23 11:16:08,269:INFO:               tbats: 1.1.3
2024-04-23 11:16:08,269:INFO:            pmdarima: 2.0.4
2024-04-23 11:16:08,269:INFO:              psutil: 5.9.0
2024-04-23 11:16:08,269:INFO:          markupsafe: 2.1.3
2024-04-23 11:16:08,269:INFO:             pickle5: Not installed
2024-04-23 11:16:08,269:INFO:         cloudpickle: 3.0.0
2024-04-23 11:16:08,269:INFO:         deprecation: 2.1.0
2024-04-23 11:16:08,269:INFO:              xxhash: 3.4.1
2024-04-23 11:16:08,269:INFO:           wurlitzer: Not installed
2024-04-23 11:16:08,269:INFO:PyCaret optional dependencies:
2024-04-23 11:16:08,277:INFO:                shap: Not installed
2024-04-23 11:16:08,277:INFO:           interpret: Not installed
2024-04-23 11:16:08,277:INFO:                umap: Not installed
2024-04-23 11:16:08,277:INFO:     ydata_profiling: Not installed
2024-04-23 11:16:08,277:INFO:  explainerdashboard: Not installed
2024-04-23 11:16:08,278:INFO:             autoviz: Not installed
2024-04-23 11:16:08,278:INFO:           fairlearn: Not installed
2024-04-23 11:16:08,278:INFO:          deepchecks: Not installed
2024-04-23 11:16:08,278:INFO:             xgboost: Not installed
2024-04-23 11:16:08,278:INFO:            catboost: Not installed
2024-04-23 11:16:08,278:INFO:              kmodes: Not installed
2024-04-23 11:16:08,278:INFO:             mlxtend: Not installed
2024-04-23 11:16:08,278:INFO:       statsforecast: Not installed
2024-04-23 11:16:08,278:INFO:        tune_sklearn: Not installed
2024-04-23 11:16:08,278:INFO:                 ray: Not installed
2024-04-23 11:16:08,278:INFO:            hyperopt: Not installed
2024-04-23 11:16:08,278:INFO:              optuna: Not installed
2024-04-23 11:16:08,278:INFO:               skopt: Not installed
2024-04-23 11:16:08,278:INFO:              mlflow: Not installed
2024-04-23 11:16:08,278:INFO:              gradio: Not installed
2024-04-23 11:16:08,278:INFO:             fastapi: Not installed
2024-04-23 11:16:08,278:INFO:             uvicorn: Not installed
2024-04-23 11:16:08,278:INFO:              m2cgen: Not installed
2024-04-23 11:16:08,278:INFO:           evidently: Not installed
2024-04-23 11:16:08,278:INFO:               fugue: Not installed
2024-04-23 11:16:08,278:INFO:           streamlit: Not installed
2024-04-23 11:16:08,278:INFO:             prophet: Not installed
2024-04-23 11:16:08,278:INFO:None
2024-04-23 11:16:08,278:INFO:Set up data.
2024-04-23 11:16:08,422:INFO:Set up folding strategy.
2024-04-23 11:16:08,422:INFO:Set up train/test split.
2024-04-23 11:16:08,483:INFO:Set up index.
2024-04-23 11:16:08,493:INFO:Assigning column types.
2024-04-23 11:16:08,520:INFO:Engine successfully changes for model 'lr' to 'sklearn'.
2024-04-23 11:16:08,520:INFO:Engine for model 'lasso' has not been set explicitly, hence returning None.
2024-04-23 11:16:08,528:INFO:Engine for model 'ridge' has not been set explicitly, hence returning None.
2024-04-23 11:16:08,533:INFO:Engine for model 'en' has not been set explicitly, hence returning None.
2024-04-23 11:16:08,631:INFO:Engine for model 'svm' has not been set explicitly, hence returning None.
2024-04-23 11:16:08,665:INFO:Engine for model 'knn' has not been set explicitly, hence returning None.
2024-04-23 11:16:08,665:WARNING:
'xgboost' is a soft dependency and not included in the pycaret installation. Please run: `pip install xgboost` to install.
Alternately, you can install this by running `pip install pycaret[models]`
2024-04-23 11:16:08,665:WARNING:
'catboost' is a soft dependency and not included in the pycaret installation. Please run: `pip install catboost` to install.
Alternately, you can install this by running `pip install pycaret[models]`
2024-04-23 11:16:08,665:INFO:Engine for model 'lasso' has not been set explicitly, hence returning None.
2024-04-23 11:16:08,669:INFO:Engine for model 'ridge' has not been set explicitly, hence returning None.
2024-04-23 11:16:08,672:INFO:Engine for model 'en' has not been set explicitly, hence returning None.
2024-04-23 11:16:08,777:INFO:Engine for model 'svm' has not been set explicitly, hence returning None.
2024-04-23 11:16:08,815:INFO:Engine for model 'knn' has not been set explicitly, hence returning None.
2024-04-23 11:16:08,816:WARNING:
'xgboost' is a soft dependency and not included in the pycaret installation. Please run: `pip install xgboost` to install.
Alternately, you can install this by running `pip install pycaret[models]`
2024-04-23 11:16:08,816:WARNING:
'catboost' is a soft dependency and not included in the pycaret installation. Please run: `pip install catboost` to install.
Alternately, you can install this by running `pip install pycaret[models]`
2024-04-23 11:16:08,816:INFO:Engine successfully changes for model 'lasso' to 'sklearn'.
2024-04-23 11:16:08,820:INFO:Engine for model 'ridge' has not been set explicitly, hence returning None.
2024-04-23 11:16:08,823:INFO:Engine for model 'en' has not been set explicitly, hence returning None.
2024-04-23 11:16:08,916:INFO:Engine for model 'svm' has not been set explicitly, hence returning None.
2024-04-23 11:16:08,960:INFO:Engine for model 'knn' has not been set explicitly, hence returning None.
2024-04-23 11:16:08,961:WARNING:
'xgboost' is a soft dependency and not included in the pycaret installation. Please run: `pip install xgboost` to install.
Alternately, you can install this by running `pip install pycaret[models]`
2024-04-23 11:16:08,961:WARNING:
'catboost' is a soft dependency and not included in the pycaret installation. Please run: `pip install catboost` to install.
Alternately, you can install this by running `pip install pycaret[models]`
2024-04-23 11:16:08,964:INFO:Engine for model 'ridge' has not been set explicitly, hence returning None.
2024-04-23 11:16:08,968:INFO:Engine for model 'en' has not been set explicitly, hence returning None.
2024-04-23 11:16:09,061:INFO:Engine for model 'svm' has not been set explicitly, hence returning None.
2024-04-23 11:16:09,094:INFO:Engine for model 'knn' has not been set explicitly, hence returning None.
2024-04-23 11:16:09,095:WARNING:
'xgboost' is a soft dependency and not included in the pycaret installation. Please run: `pip install xgboost` to install.
Alternately, you can install this by running `pip install pycaret[models]`
2024-04-23 11:16:09,095:WARNING:
'catboost' is a soft dependency and not included in the pycaret installation. Please run: `pip install catboost` to install.
Alternately, you can install this by running `pip install pycaret[models]`
2024-04-23 11:16:09,095:INFO:Engine successfully changes for model 'ridge' to 'sklearn'.
2024-04-23 11:16:09,102:INFO:Engine for model 'en' has not been set explicitly, hence returning None.
2024-04-23 11:16:09,203:INFO:Engine for model 'svm' has not been set explicitly, hence returning None.
2024-04-23 11:16:09,242:INFO:Engine for model 'knn' has not been set explicitly, hence returning None.
2024-04-23 11:16:09,242:WARNING:
'xgboost' is a soft dependency and not included in the pycaret installation. Please run: `pip install xgboost` to install.
Alternately, you can install this by running `pip install pycaret[models]`
2024-04-23 11:16:09,242:WARNING:
'catboost' is a soft dependency and not included in the pycaret installation. Please run: `pip install catboost` to install.
Alternately, you can install this by running `pip install pycaret[models]`
2024-04-23 11:16:09,251:INFO:Engine for model 'en' has not been set explicitly, hence returning None.
2024-04-23 11:16:09,351:INFO:Engine for model 'svm' has not been set explicitly, hence returning None.
2024-04-23 11:16:09,401:INFO:Engine for model 'knn' has not been set explicitly, hence returning None.
2024-04-23 11:16:09,402:WARNING:
'xgboost' is a soft dependency and not included in the pycaret installation. Please run: `pip install xgboost` to install.
Alternately, you can install this by running `pip install pycaret[models]`
2024-04-23 11:16:09,403:WARNING:
'catboost' is a soft dependency and not included in the pycaret installation. Please run: `pip install catboost` to install.
Alternately, you can install this by running `pip install pycaret[models]`
2024-04-23 11:16:09,403:INFO:Engine successfully changes for model 'en' to 'sklearn'.
2024-04-23 11:16:09,521:INFO:Engine for model 'svm' has not been set explicitly, hence returning None.
2024-04-23 11:16:09,555:INFO:Engine for model 'knn' has not been set explicitly, hence returning None.
2024-04-23 11:16:09,555:WARNING:
'xgboost' is a soft dependency and not included in the pycaret installation. Please run: `pip install xgboost` to install.
Alternately, you can install this by running `pip install pycaret[models]`
2024-04-23 11:16:09,555:WARNING:
'catboost' is a soft dependency and not included in the pycaret installation. Please run: `pip install catboost` to install.
Alternately, you can install this by running `pip install pycaret[models]`
2024-04-23 11:16:09,668:INFO:Engine for model 'svm' has not been set explicitly, hence returning None.
2024-04-23 11:16:09,728:INFO:Engine for model 'knn' has not been set explicitly, hence returning None.
2024-04-23 11:16:09,728:WARNING:
'xgboost' is a soft dependency and not included in the pycaret installation. Please run: `pip install xgboost` to install.
Alternately, you can install this by running `pip install pycaret[models]`
2024-04-23 11:16:09,728:WARNING:
'catboost' is a soft dependency and not included in the pycaret installation. Please run: `pip install catboost` to install.
Alternately, you can install this by running `pip install pycaret[models]`
2024-04-23 11:16:09,728:INFO:Engine successfully changes for model 'knn' to 'sklearn'.
2024-04-23 11:16:09,853:INFO:Engine for model 'svm' has not been set explicitly, hence returning None.
2024-04-23 11:16:09,899:WARNING:
'xgboost' is a soft dependency and not included in the pycaret installation. Please run: `pip install xgboost` to install.
Alternately, you can install this by running `pip install pycaret[models]`
2024-04-23 11:16:09,900:WARNING:
'catboost' is a soft dependency and not included in the pycaret installation. Please run: `pip install catboost` to install.
Alternately, you can install this by running `pip install pycaret[models]`
2024-04-23 11:16:10,019:INFO:Engine for model 'svm' has not been set explicitly, hence returning None.
2024-04-23 11:16:10,067:WARNING:
'xgboost' is a soft dependency and not included in the pycaret installation. Please run: `pip install xgboost` to install.
Alternately, you can install this by running `pip install pycaret[models]`
2024-04-23 11:16:10,067:WARNING:
'catboost' is a soft dependency and not included in the pycaret installation. Please run: `pip install catboost` to install.
Alternately, you can install this by running `pip install pycaret[models]`
2024-04-23 11:16:10,067:INFO:Engine successfully changes for model 'svm' to 'sklearn'.
2024-04-23 11:16:10,214:WARNING:
'xgboost' is a soft dependency and not included in the pycaret installation. Please run: `pip install xgboost` to install.
Alternately, you can install this by running `pip install pycaret[models]`
2024-04-23 11:16:10,215:WARNING:
'catboost' is a soft dependency and not included in the pycaret installation. Please run: `pip install catboost` to install.
Alternately, you can install this by running `pip install pycaret[models]`
2024-04-23 11:16:10,373:WARNING:
'xgboost' is a soft dependency and not included in the pycaret installation. Please run: `pip install xgboost` to install.
Alternately, you can install this by running `pip install pycaret[models]`
2024-04-23 11:16:10,373:WARNING:
'catboost' is a soft dependency and not included in the pycaret installation. Please run: `pip install catboost` to install.
Alternately, you can install this by running `pip install pycaret[models]`
2024-04-23 11:16:10,375:INFO:Preparing preprocessing pipeline...
2024-04-23 11:16:10,375:INFO:Set up simple imputation.
2024-04-23 11:16:10,420:INFO:Set up encoding of categorical features.
2024-04-23 11:16:11,211:INFO:Finished creating preprocessing pipeline.
2024-04-23 11:16:11,216:INFO:Pipeline: Pipeline(memory=FastMemory(location=C:\Users\User\AppData\Local\Temp\joblib),
         steps=[('numerical_imputer',
                 TransformerWrapper(include=['Year', 'Mileage'],
                                    transformer=SimpleImputer())),
                ('categorical_imputer',
                 TransformerWrapper(include=['State', 'Make', 'Model'],
                                    transformer=SimpleImputer(strategy='most_frequent'))),
                ('rest_encoding',
                 TransformerWrapper(include=['State', 'Make', 'Model'],
                                    transformer=TargetEncoder(cols=['State',
                                                                    'Make',
                                                                    'Model'],
                                                              handle_missing='return_nan')))])
2024-04-23 11:16:11,216:INFO:Creating final display dataframe.
2024-04-23 11:16:12,238:INFO:Setup _display_container:                     Description             Value
0                    Session id              7230
1                        Target             Price
2                   Target type        Regression
3           Original data shape       (400000, 6)
4        Transformed data shape       (400000, 6)
5   Transformed train set shape       (280000, 6)
6    Transformed test set shape       (120000, 6)
7              Numeric features                 2
8          Categorical features                 3
9                    Preprocess              True
10              Imputation type            simple
11           Numeric imputation              mean
12       Categorical imputation              mode
13     Maximum one-hot encoding                25
14              Encoding method              None
15               Fold Generator             KFold
16                  Fold Number                10
17                     CPU Jobs                -1
18                      Use GPU             False
19               Log Experiment             False
20              Experiment Name  reg-default-name
21                          USI              13f2
2024-04-23 11:16:12,498:WARNING:
'xgboost' is a soft dependency and not included in the pycaret installation. Please run: `pip install xgboost` to install.
Alternately, you can install this by running `pip install pycaret[models]`
2024-04-23 11:16:12,498:WARNING:
'catboost' is a soft dependency and not included in the pycaret installation. Please run: `pip install catboost` to install.
Alternately, you can install this by running `pip install pycaret[models]`
2024-04-23 11:16:12,693:WARNING:
'xgboost' is a soft dependency and not included in the pycaret installation. Please run: `pip install xgboost` to install.
Alternately, you can install this by running `pip install pycaret[models]`
2024-04-23 11:16:12,693:WARNING:
'catboost' is a soft dependency and not included in the pycaret installation. Please run: `pip install catboost` to install.
Alternately, you can install this by running `pip install pycaret[models]`
2024-04-23 11:16:12,694:INFO:setup() successfully completed in 4.48s...............
2024-04-23 11:17:32,114:INFO:Initializing compare_models()
2024-04-23 11:17:32,114:INFO:compare_models(self=<pycaret.regression.oop.RegressionExperiment object at 0x000002580E3AC7D0>, include=None, exclude=None, fold=None, round=4, cross_validation=True, sort=R2, n_select=1, budget_time=None, turbo=True, errors=ignore, fit_kwargs=None, groups=None, experiment_custom_tags=None, probability_threshold=None, verbose=True, parallel=None, caller_params={'self': <pycaret.regression.oop.RegressionExperiment object at 0x000002580E3AC7D0>, 'include': None, 'exclude': None, 'fold': None, 'round': 4, 'cross_validation': True, 'sort': 'R2', 'n_select': 1, 'budget_time': None, 'turbo': True, 'errors': 'ignore', 'fit_kwargs': None, 'groups': None, 'experiment_custom_tags': None, 'engine': None, 'verbose': True, 'parallel': None, '__class__': <class 'pycaret.regression.oop.RegressionExperiment'>})
2024-04-23 11:17:32,114:INFO:Checking exceptions
2024-04-23 11:17:32,163:INFO:Preparing display monitor
2024-04-23 11:17:32,192:INFO:Initializing Linear Regression
2024-04-23 11:17:32,193:INFO:Total runtime is 1.903374989827474e-05 minutes
2024-04-23 11:17:32,197:INFO:SubProcess create_model() called ==================================
2024-04-23 11:17:32,198:INFO:Initializing create_model()
2024-04-23 11:17:32,199:INFO:create_model(self=<pycaret.regression.oop.RegressionExperiment object at 0x000002580E3AC7D0>, estimator=lr, fold=KFold(n_splits=10, random_state=None, shuffle=False), round=4, cross_validation=True, predict=True, fit_kwargs={}, groups=None, refit=False, probability_threshold=None, experiment_custom_tags=None, verbose=False, system=False, add_to_model_list=True, metrics=None, display=<pycaret.internal.display.display.CommonDisplay object at 0x0000025832BD3C10>, model_only=True, return_train_score=False, error_score=0.0, kwargs={})
2024-04-23 11:17:32,199:INFO:Checking exceptions
2024-04-23 11:17:32,199:INFO:Importing libraries
2024-04-23 11:17:32,199:INFO:Copying training dataset
2024-04-23 11:17:32,306:INFO:Defining folds
2024-04-23 11:17:32,306:INFO:Declaring metric variables
2024-04-23 11:17:32,309:INFO:Importing untrained model
2024-04-23 11:17:32,311:INFO:Linear Regression Imported successfully
2024-04-23 11:17:32,321:INFO:Starting cross validation
2024-04-23 11:17:32,329:INFO:Cross validating with KFold(n_splits=10, random_state=None, shuffle=False), n_jobs=-1
2024-04-23 11:17:39,240:INFO:Calculating mean and std
2024-04-23 11:17:39,243:INFO:Creating metrics dataframe
2024-04-23 11:17:39,248:INFO:Uploading results into container
2024-04-23 11:17:39,250:INFO:Uploading model into container now
2024-04-23 11:17:39,251:INFO:_master_model_container: 1
2024-04-23 11:17:39,251:INFO:_display_container: 2
2024-04-23 11:17:39,252:INFO:LinearRegression(n_jobs=-1)
2024-04-23 11:17:39,252:INFO:create_model() successfully completed......................................
2024-04-23 11:17:39,341:INFO:SubProcess create_model() end ==================================
2024-04-23 11:17:39,341:INFO:Creating metrics dataframe
2024-04-23 11:17:39,355:INFO:Initializing Lasso Regression
2024-04-23 11:17:39,356:INFO:Total runtime is 0.1193962812423706 minutes
2024-04-23 11:17:39,361:INFO:SubProcess create_model() called ==================================
2024-04-23 11:17:39,362:INFO:Initializing create_model()
2024-04-23 11:17:39,362:INFO:create_model(self=<pycaret.regression.oop.RegressionExperiment object at 0x000002580E3AC7D0>, estimator=lasso, fold=KFold(n_splits=10, random_state=None, shuffle=False), round=4, cross_validation=True, predict=True, fit_kwargs={}, groups=None, refit=False, probability_threshold=None, experiment_custom_tags=None, verbose=False, system=False, add_to_model_list=True, metrics=None, display=<pycaret.internal.display.display.CommonDisplay object at 0x0000025832BD3C10>, model_only=True, return_train_score=False, error_score=0.0, kwargs={})
2024-04-23 11:17:39,362:INFO:Checking exceptions
2024-04-23 11:17:39,362:INFO:Importing libraries
2024-04-23 11:17:39,362:INFO:Copying training dataset
2024-04-23 11:17:39,433:INFO:Defining folds
2024-04-23 11:17:39,433:INFO:Declaring metric variables
2024-04-23 11:17:39,437:INFO:Importing untrained model
2024-04-23 11:17:39,442:INFO:Lasso Regression Imported successfully
2024-04-23 11:17:39,457:INFO:Starting cross validation
2024-04-23 11:17:39,460:INFO:Cross validating with KFold(n_splits=10, random_state=None, shuffle=False), n_jobs=-1
2024-04-23 11:17:43,142:INFO:Calculating mean and std
2024-04-23 11:17:43,142:INFO:Creating metrics dataframe
2024-04-23 11:17:43,144:INFO:Uploading results into container
2024-04-23 11:17:43,144:INFO:Uploading model into container now
2024-04-23 11:17:43,144:INFO:_master_model_container: 2
2024-04-23 11:17:43,145:INFO:_display_container: 2
2024-04-23 11:17:43,145:INFO:Lasso(random_state=7230)
2024-04-23 11:17:43,145:INFO:create_model() successfully completed......................................
2024-04-23 11:17:43,225:INFO:SubProcess create_model() end ==================================
2024-04-23 11:17:43,226:INFO:Creating metrics dataframe
2024-04-23 11:17:43,238:INFO:Initializing Ridge Regression
2024-04-23 11:17:43,238:INFO:Total runtime is 0.18409549395243327 minutes
2024-04-23 11:17:43,247:INFO:SubProcess create_model() called ==================================
2024-04-23 11:17:43,247:INFO:Initializing create_model()
2024-04-23 11:17:43,247:INFO:create_model(self=<pycaret.regression.oop.RegressionExperiment object at 0x000002580E3AC7D0>, estimator=ridge, fold=KFold(n_splits=10, random_state=None, shuffle=False), round=4, cross_validation=True, predict=True, fit_kwargs={}, groups=None, refit=False, probability_threshold=None, experiment_custom_tags=None, verbose=False, system=False, add_to_model_list=True, metrics=None, display=<pycaret.internal.display.display.CommonDisplay object at 0x0000025832BD3C10>, model_only=True, return_train_score=False, error_score=0.0, kwargs={})
2024-04-23 11:17:43,247:INFO:Checking exceptions
2024-04-23 11:17:43,247:INFO:Importing libraries
2024-04-23 11:17:43,247:INFO:Copying training dataset
2024-04-23 11:17:43,347:INFO:Defining folds
2024-04-23 11:17:43,348:INFO:Declaring metric variables
2024-04-23 11:17:43,354:INFO:Importing untrained model
2024-04-23 11:17:43,359:INFO:Ridge Regression Imported successfully
2024-04-23 11:17:43,366:INFO:Starting cross validation
2024-04-23 11:17:43,368:INFO:Cross validating with KFold(n_splits=10, random_state=None, shuffle=False), n_jobs=-1
2024-04-23 11:17:46,204:INFO:Calculating mean and std
2024-04-23 11:17:46,206:INFO:Creating metrics dataframe
2024-04-23 11:17:46,211:INFO:Uploading results into container
2024-04-23 11:17:46,212:INFO:Uploading model into container now
2024-04-23 11:17:46,213:INFO:_master_model_container: 3
2024-04-23 11:17:46,213:INFO:_display_container: 2
2024-04-23 11:17:46,214:INFO:Ridge(random_state=7230)
2024-04-23 11:17:46,215:INFO:create_model() successfully completed......................................
2024-04-23 11:17:46,303:INFO:SubProcess create_model() end ==================================
2024-04-23 11:17:46,303:INFO:Creating metrics dataframe
2024-04-23 11:17:46,309:INFO:Initializing Elastic Net
2024-04-23 11:17:46,309:INFO:Total runtime is 0.2352838675181071 minutes
2024-04-23 11:17:46,312:INFO:SubProcess create_model() called ==================================
2024-04-23 11:17:46,312:INFO:Initializing create_model()
2024-04-23 11:17:46,312:INFO:create_model(self=<pycaret.regression.oop.RegressionExperiment object at 0x000002580E3AC7D0>, estimator=en, fold=KFold(n_splits=10, random_state=None, shuffle=False), round=4, cross_validation=True, predict=True, fit_kwargs={}, groups=None, refit=False, probability_threshold=None, experiment_custom_tags=None, verbose=False, system=False, add_to_model_list=True, metrics=None, display=<pycaret.internal.display.display.CommonDisplay object at 0x0000025832BD3C10>, model_only=True, return_train_score=False, error_score=0.0, kwargs={})
2024-04-23 11:17:46,312:INFO:Checking exceptions
2024-04-23 11:17:46,312:INFO:Importing libraries
2024-04-23 11:17:46,312:INFO:Copying training dataset
2024-04-23 11:17:46,394:INFO:Defining folds
2024-04-23 11:17:46,394:INFO:Declaring metric variables
2024-04-23 11:17:46,398:INFO:Importing untrained model
2024-04-23 11:17:46,407:INFO:Elastic Net Imported successfully
2024-04-23 11:17:46,416:INFO:Starting cross validation
2024-04-23 11:17:46,420:INFO:Cross validating with KFold(n_splits=10, random_state=None, shuffle=False), n_jobs=-1
2024-04-23 11:17:50,006:INFO:Calculating mean and std
2024-04-23 11:17:50,009:INFO:Creating metrics dataframe
2024-04-23 11:17:50,013:INFO:Uploading results into container
2024-04-23 11:17:50,014:INFO:Uploading model into container now
2024-04-23 11:17:50,015:INFO:_master_model_container: 4
2024-04-23 11:17:50,015:INFO:_display_container: 2
2024-04-23 11:17:50,016:INFO:ElasticNet(random_state=7230)
2024-04-23 11:17:50,016:INFO:create_model() successfully completed......................................
2024-04-23 11:17:50,108:INFO:SubProcess create_model() end ==================================
2024-04-23 11:17:50,109:INFO:Creating metrics dataframe
2024-04-23 11:17:50,115:INFO:Initializing Least Angle Regression
2024-04-23 11:17:50,115:INFO:Total runtime is 0.298710036277771 minutes
2024-04-23 11:17:50,122:INFO:SubProcess create_model() called ==================================
2024-04-23 11:17:50,122:INFO:Initializing create_model()
2024-04-23 11:17:50,122:INFO:create_model(self=<pycaret.regression.oop.RegressionExperiment object at 0x000002580E3AC7D0>, estimator=lar, fold=KFold(n_splits=10, random_state=None, shuffle=False), round=4, cross_validation=True, predict=True, fit_kwargs={}, groups=None, refit=False, probability_threshold=None, experiment_custom_tags=None, verbose=False, system=False, add_to_model_list=True, metrics=None, display=<pycaret.internal.display.display.CommonDisplay object at 0x0000025832BD3C10>, model_only=True, return_train_score=False, error_score=0.0, kwargs={})
2024-04-23 11:17:50,122:INFO:Checking exceptions
2024-04-23 11:17:50,123:INFO:Importing libraries
2024-04-23 11:17:50,123:INFO:Copying training dataset
2024-04-23 11:17:50,215:INFO:Defining folds
2024-04-23 11:17:50,215:INFO:Declaring metric variables
2024-04-23 11:17:50,219:INFO:Importing untrained model
2024-04-23 11:17:50,226:INFO:Least Angle Regression Imported successfully
2024-04-23 11:17:50,235:INFO:Starting cross validation
2024-04-23 11:17:50,237:INFO:Cross validating with KFold(n_splits=10, random_state=None, shuffle=False), n_jobs=-1
2024-04-23 11:17:53,135:INFO:Calculating mean and std
2024-04-23 11:17:53,137:INFO:Creating metrics dataframe
2024-04-23 11:17:53,139:INFO:Uploading results into container
2024-04-23 11:17:53,140:INFO:Uploading model into container now
2024-04-23 11:17:53,140:INFO:_master_model_container: 5
2024-04-23 11:17:53,140:INFO:_display_container: 2
2024-04-23 11:17:53,141:INFO:Lars(random_state=7230)
2024-04-23 11:17:53,141:INFO:create_model() successfully completed......................................
2024-04-23 11:17:53,220:INFO:SubProcess create_model() end ==================================
2024-04-23 11:17:53,220:INFO:Creating metrics dataframe
2024-04-23 11:17:53,225:INFO:Initializing Lasso Least Angle Regression
2024-04-23 11:17:53,226:INFO:Total runtime is 0.3505614797274271 minutes
2024-04-23 11:17:53,229:INFO:SubProcess create_model() called ==================================
2024-04-23 11:17:53,230:INFO:Initializing create_model()
2024-04-23 11:17:53,230:INFO:create_model(self=<pycaret.regression.oop.RegressionExperiment object at 0x000002580E3AC7D0>, estimator=llar, fold=KFold(n_splits=10, random_state=None, shuffle=False), round=4, cross_validation=True, predict=True, fit_kwargs={}, groups=None, refit=False, probability_threshold=None, experiment_custom_tags=None, verbose=False, system=False, add_to_model_list=True, metrics=None, display=<pycaret.internal.display.display.CommonDisplay object at 0x0000025832BD3C10>, model_only=True, return_train_score=False, error_score=0.0, kwargs={})
2024-04-23 11:17:53,230:INFO:Checking exceptions
2024-04-23 11:17:53,230:INFO:Importing libraries
2024-04-23 11:17:53,230:INFO:Copying training dataset
2024-04-23 11:17:53,311:INFO:Defining folds
2024-04-23 11:17:53,312:INFO:Declaring metric variables
2024-04-23 11:17:53,316:INFO:Importing untrained model
2024-04-23 11:17:53,322:INFO:Lasso Least Angle Regression Imported successfully
2024-04-23 11:17:53,334:INFO:Starting cross validation
2024-04-23 11:17:53,335:INFO:Cross validating with KFold(n_splits=10, random_state=None, shuffle=False), n_jobs=-1
2024-04-23 11:17:56,651:INFO:Calculating mean and std
2024-04-23 11:17:56,654:INFO:Creating metrics dataframe
2024-04-23 11:17:56,658:INFO:Uploading results into container
2024-04-23 11:17:56,659:INFO:Uploading model into container now
2024-04-23 11:17:56,659:INFO:_master_model_container: 6
2024-04-23 11:17:56,659:INFO:_display_container: 2
2024-04-23 11:17:56,660:INFO:LassoLars(random_state=7230)
2024-04-23 11:17:56,661:INFO:create_model() successfully completed......................................
2024-04-23 11:17:56,744:INFO:SubProcess create_model() end ==================================
2024-04-23 11:17:56,744:INFO:Creating metrics dataframe
2024-04-23 11:17:56,757:INFO:Initializing Orthogonal Matching Pursuit
2024-04-23 11:17:56,757:INFO:Total runtime is 0.4094246625900268 minutes
2024-04-23 11:17:56,760:INFO:SubProcess create_model() called ==================================
2024-04-23 11:17:56,760:INFO:Initializing create_model()
2024-04-23 11:17:56,760:INFO:create_model(self=<pycaret.regression.oop.RegressionExperiment object at 0x000002580E3AC7D0>, estimator=omp, fold=KFold(n_splits=10, random_state=None, shuffle=False), round=4, cross_validation=True, predict=True, fit_kwargs={}, groups=None, refit=False, probability_threshold=None, experiment_custom_tags=None, verbose=False, system=False, add_to_model_list=True, metrics=None, display=<pycaret.internal.display.display.CommonDisplay object at 0x0000025832BD3C10>, model_only=True, return_train_score=False, error_score=0.0, kwargs={})
2024-04-23 11:17:56,760:INFO:Checking exceptions
2024-04-23 11:17:56,760:INFO:Importing libraries
2024-04-23 11:17:56,760:INFO:Copying training dataset
2024-04-23 11:17:56,856:INFO:Defining folds
2024-04-23 11:17:56,856:INFO:Declaring metric variables
2024-04-23 11:17:56,862:INFO:Importing untrained model
2024-04-23 11:17:56,866:INFO:Orthogonal Matching Pursuit Imported successfully
2024-04-23 11:17:56,873:INFO:Starting cross validation
2024-04-23 11:17:56,873:INFO:Cross validating with KFold(n_splits=10, random_state=None, shuffle=False), n_jobs=-1
2024-04-23 11:18:00,419:INFO:Calculating mean and std
2024-04-23 11:18:00,422:INFO:Creating metrics dataframe
2024-04-23 11:18:00,425:INFO:Uploading results into container
2024-04-23 11:18:00,427:INFO:Uploading model into container now
2024-04-23 11:18:00,428:INFO:_master_model_container: 7
2024-04-23 11:18:00,429:INFO:_display_container: 2
2024-04-23 11:18:00,430:INFO:OrthogonalMatchingPursuit()
2024-04-23 11:18:00,430:INFO:create_model() successfully completed......................................
2024-04-23 11:18:00,510:INFO:SubProcess create_model() end ==================================
2024-04-23 11:18:00,510:INFO:Creating metrics dataframe
2024-04-23 11:18:00,516:INFO:Initializing Bayesian Ridge
2024-04-23 11:18:00,516:INFO:Total runtime is 0.4720755298932393 minutes
2024-04-23 11:18:00,520:INFO:SubProcess create_model() called ==================================
2024-04-23 11:18:00,521:INFO:Initializing create_model()
2024-04-23 11:18:00,521:INFO:create_model(self=<pycaret.regression.oop.RegressionExperiment object at 0x000002580E3AC7D0>, estimator=br, fold=KFold(n_splits=10, random_state=None, shuffle=False), round=4, cross_validation=True, predict=True, fit_kwargs={}, groups=None, refit=False, probability_threshold=None, experiment_custom_tags=None, verbose=False, system=False, add_to_model_list=True, metrics=None, display=<pycaret.internal.display.display.CommonDisplay object at 0x0000025832BD3C10>, model_only=True, return_train_score=False, error_score=0.0, kwargs={})
2024-04-23 11:18:00,521:INFO:Checking exceptions
2024-04-23 11:18:00,521:INFO:Importing libraries
2024-04-23 11:18:00,521:INFO:Copying training dataset
2024-04-23 11:18:00,604:INFO:Defining folds
2024-04-23 11:18:00,605:INFO:Declaring metric variables
2024-04-23 11:18:00,613:INFO:Importing untrained model
2024-04-23 11:18:00,618:INFO:Bayesian Ridge Imported successfully
2024-04-23 11:18:00,628:INFO:Starting cross validation
2024-04-23 11:18:00,630:INFO:Cross validating with KFold(n_splits=10, random_state=None, shuffle=False), n_jobs=-1
2024-04-23 11:18:04,334:INFO:Calculating mean and std
2024-04-23 11:18:04,336:INFO:Creating metrics dataframe
2024-04-23 11:18:04,341:INFO:Uploading results into container
2024-04-23 11:18:04,342:INFO:Uploading model into container now
2024-04-23 11:18:04,343:INFO:_master_model_container: 8
2024-04-23 11:18:04,343:INFO:_display_container: 2
2024-04-23 11:18:04,343:INFO:BayesianRidge()
2024-04-23 11:18:04,344:INFO:create_model() successfully completed......................................
2024-04-23 11:18:04,431:INFO:SubProcess create_model() end ==================================
2024-04-23 11:18:04,431:INFO:Creating metrics dataframe
2024-04-23 11:18:04,440:INFO:Initializing Passive Aggressive Regressor
2024-04-23 11:18:04,440:INFO:Total runtime is 0.5374680519104004 minutes
2024-04-23 11:18:04,445:INFO:SubProcess create_model() called ==================================
2024-04-23 11:18:04,446:INFO:Initializing create_model()
2024-04-23 11:18:04,446:INFO:create_model(self=<pycaret.regression.oop.RegressionExperiment object at 0x000002580E3AC7D0>, estimator=par, fold=KFold(n_splits=10, random_state=None, shuffle=False), round=4, cross_validation=True, predict=True, fit_kwargs={}, groups=None, refit=False, probability_threshold=None, experiment_custom_tags=None, verbose=False, system=False, add_to_model_list=True, metrics=None, display=<pycaret.internal.display.display.CommonDisplay object at 0x0000025832BD3C10>, model_only=True, return_train_score=False, error_score=0.0, kwargs={})
2024-04-23 11:18:04,446:INFO:Checking exceptions
2024-04-23 11:18:04,446:INFO:Importing libraries
2024-04-23 11:18:04,446:INFO:Copying training dataset
2024-04-23 11:18:04,522:INFO:Defining folds
2024-04-23 11:18:04,522:INFO:Declaring metric variables
2024-04-23 11:18:04,526:INFO:Importing untrained model
2024-04-23 11:18:04,531:INFO:Passive Aggressive Regressor Imported successfully
2024-04-23 11:18:04,538:INFO:Starting cross validation
2024-04-23 11:18:04,540:INFO:Cross validating with KFold(n_splits=10, random_state=None, shuffle=False), n_jobs=-1
2024-04-23 11:18:08,565:INFO:Calculating mean and std
2024-04-23 11:18:08,567:INFO:Creating metrics dataframe
2024-04-23 11:18:08,572:INFO:Uploading results into container
2024-04-23 11:18:08,573:INFO:Uploading model into container now
2024-04-23 11:18:08,574:INFO:_master_model_container: 9
2024-04-23 11:18:08,574:INFO:_display_container: 2
2024-04-23 11:18:08,575:INFO:PassiveAggressiveRegressor(random_state=7230)
2024-04-23 11:18:08,575:INFO:create_model() successfully completed......................................
2024-04-23 11:18:08,646:INFO:SubProcess create_model() end ==================================
2024-04-23 11:18:08,646:INFO:Creating metrics dataframe
2024-04-23 11:18:08,653:INFO:Initializing Huber Regressor
2024-04-23 11:18:08,653:INFO:Total runtime is 0.6076849818229675 minutes
2024-04-23 11:18:08,656:INFO:SubProcess create_model() called ==================================
2024-04-23 11:18:08,657:INFO:Initializing create_model()
2024-04-23 11:18:08,657:INFO:create_model(self=<pycaret.regression.oop.RegressionExperiment object at 0x000002580E3AC7D0>, estimator=huber, fold=KFold(n_splits=10, random_state=None, shuffle=False), round=4, cross_validation=True, predict=True, fit_kwargs={}, groups=None, refit=False, probability_threshold=None, experiment_custom_tags=None, verbose=False, system=False, add_to_model_list=True, metrics=None, display=<pycaret.internal.display.display.CommonDisplay object at 0x0000025832BD3C10>, model_only=True, return_train_score=False, error_score=0.0, kwargs={})
2024-04-23 11:18:08,657:INFO:Checking exceptions
2024-04-23 11:18:08,657:INFO:Importing libraries
2024-04-23 11:18:08,657:INFO:Copying training dataset
2024-04-23 11:18:08,734:INFO:Defining folds
2024-04-23 11:18:08,734:INFO:Declaring metric variables
2024-04-23 11:18:08,741:INFO:Importing untrained model
2024-04-23 11:18:08,749:INFO:Huber Regressor Imported successfully
2024-04-23 11:18:08,773:INFO:Starting cross validation
2024-04-23 11:18:08,774:INFO:Cross validating with KFold(n_splits=10, random_state=None, shuffle=False), n_jobs=-1
2024-04-23 11:18:16,175:INFO:Calculating mean and std
2024-04-23 11:18:16,177:INFO:Creating metrics dataframe
2024-04-23 11:18:16,180:INFO:Uploading results into container
2024-04-23 11:18:16,181:INFO:Uploading model into container now
2024-04-23 11:18:16,182:INFO:_master_model_container: 10
2024-04-23 11:18:16,182:INFO:_display_container: 2
2024-04-23 11:18:16,183:INFO:HuberRegressor()
2024-04-23 11:18:16,184:INFO:create_model() successfully completed......................................
2024-04-23 11:18:16,261:INFO:SubProcess create_model() end ==================================
2024-04-23 11:18:16,262:INFO:Creating metrics dataframe
2024-04-23 11:18:16,268:INFO:Initializing K Neighbors Regressor
2024-04-23 11:18:16,268:INFO:Total runtime is 0.734601895014445 minutes
2024-04-23 11:18:16,271:INFO:SubProcess create_model() called ==================================
2024-04-23 11:18:16,272:INFO:Initializing create_model()
2024-04-23 11:18:16,272:INFO:create_model(self=<pycaret.regression.oop.RegressionExperiment object at 0x000002580E3AC7D0>, estimator=knn, fold=KFold(n_splits=10, random_state=None, shuffle=False), round=4, cross_validation=True, predict=True, fit_kwargs={}, groups=None, refit=False, probability_threshold=None, experiment_custom_tags=None, verbose=False, system=False, add_to_model_list=True, metrics=None, display=<pycaret.internal.display.display.CommonDisplay object at 0x0000025832BD3C10>, model_only=True, return_train_score=False, error_score=0.0, kwargs={})
2024-04-23 11:18:16,272:INFO:Checking exceptions
2024-04-23 11:18:16,272:INFO:Importing libraries
2024-04-23 11:18:16,272:INFO:Copying training dataset
2024-04-23 11:18:16,372:INFO:Defining folds
2024-04-23 11:18:16,373:INFO:Declaring metric variables
2024-04-23 11:18:16,376:INFO:Importing untrained model
2024-04-23 11:18:16,379:INFO:K Neighbors Regressor Imported successfully
2024-04-23 11:18:16,393:INFO:Starting cross validation
2024-04-23 11:18:16,394:INFO:Cross validating with KFold(n_splits=10, random_state=None, shuffle=False), n_jobs=-1
2024-04-23 11:18:23,144:INFO:Calculating mean and std
2024-04-23 11:18:23,146:INFO:Creating metrics dataframe
2024-04-23 11:18:23,150:INFO:Uploading results into container
2024-04-23 11:18:23,151:INFO:Uploading model into container now
2024-04-23 11:18:23,153:INFO:_master_model_container: 11
2024-04-23 11:18:23,153:INFO:_display_container: 2
2024-04-23 11:18:23,154:INFO:KNeighborsRegressor(n_jobs=-1)
2024-04-23 11:18:23,154:INFO:create_model() successfully completed......................................
2024-04-23 11:18:23,252:INFO:SubProcess create_model() end ==================================
2024-04-23 11:18:23,252:INFO:Creating metrics dataframe
2024-04-23 11:18:23,262:INFO:Initializing Decision Tree Regressor
2024-04-23 11:18:23,262:INFO:Total runtime is 0.8511654019355773 minutes
2024-04-23 11:18:23,267:INFO:SubProcess create_model() called ==================================
2024-04-23 11:18:23,267:INFO:Initializing create_model()
2024-04-23 11:18:23,267:INFO:create_model(self=<pycaret.regression.oop.RegressionExperiment object at 0x000002580E3AC7D0>, estimator=dt, fold=KFold(n_splits=10, random_state=None, shuffle=False), round=4, cross_validation=True, predict=True, fit_kwargs={}, groups=None, refit=False, probability_threshold=None, experiment_custom_tags=None, verbose=False, system=False, add_to_model_list=True, metrics=None, display=<pycaret.internal.display.display.CommonDisplay object at 0x0000025832BD3C10>, model_only=True, return_train_score=False, error_score=0.0, kwargs={})
2024-04-23 11:18:23,268:INFO:Checking exceptions
2024-04-23 11:18:23,268:INFO:Importing libraries
2024-04-23 11:18:23,268:INFO:Copying training dataset
2024-04-23 11:18:23,351:INFO:Defining folds
2024-04-23 11:18:23,351:INFO:Declaring metric variables
2024-04-23 11:18:23,357:INFO:Importing untrained model
2024-04-23 11:18:23,363:INFO:Decision Tree Regressor Imported successfully
2024-04-23 11:18:23,372:INFO:Starting cross validation
2024-04-23 11:18:23,373:INFO:Cross validating with KFold(n_splits=10, random_state=None, shuffle=False), n_jobs=-1
2024-04-23 11:18:31,513:INFO:Calculating mean and std
2024-04-23 11:18:31,516:INFO:Creating metrics dataframe
2024-04-23 11:18:31,520:INFO:Uploading results into container
2024-04-23 11:18:31,522:INFO:Uploading model into container now
2024-04-23 11:18:31,523:INFO:_master_model_container: 12
2024-04-23 11:18:31,523:INFO:_display_container: 2
2024-04-23 11:18:31,524:INFO:DecisionTreeRegressor(random_state=7230)
2024-04-23 11:18:31,524:INFO:create_model() successfully completed......................................
2024-04-23 11:18:31,602:INFO:SubProcess create_model() end ==================================
2024-04-23 11:18:31,602:INFO:Creating metrics dataframe
2024-04-23 11:18:31,623:INFO:Initializing Random Forest Regressor
2024-04-23 11:18:31,623:INFO:Total runtime is 0.9905106902122497 minutes
2024-04-23 11:18:31,626:INFO:SubProcess create_model() called ==================================
2024-04-23 11:18:31,627:INFO:Initializing create_model()
2024-04-23 11:18:31,627:INFO:create_model(self=<pycaret.regression.oop.RegressionExperiment object at 0x000002580E3AC7D0>, estimator=rf, fold=KFold(n_splits=10, random_state=None, shuffle=False), round=4, cross_validation=True, predict=True, fit_kwargs={}, groups=None, refit=False, probability_threshold=None, experiment_custom_tags=None, verbose=False, system=False, add_to_model_list=True, metrics=None, display=<pycaret.internal.display.display.CommonDisplay object at 0x0000025832BD3C10>, model_only=True, return_train_score=False, error_score=0.0, kwargs={})
2024-04-23 11:18:31,627:INFO:Checking exceptions
2024-04-23 11:18:31,627:INFO:Importing libraries
2024-04-23 11:18:31,627:INFO:Copying training dataset
2024-04-23 11:18:31,706:INFO:Defining folds
2024-04-23 11:18:31,706:INFO:Declaring metric variables
2024-04-23 11:18:31,710:INFO:Importing untrained model
2024-04-23 11:18:31,717:INFO:Random Forest Regressor Imported successfully
2024-04-23 11:18:31,728:INFO:Starting cross validation
2024-04-23 11:18:31,729:INFO:Cross validating with KFold(n_splits=10, random_state=None, shuffle=False), n_jobs=-1
2024-04-23 11:24:00,748:INFO:Calculating mean and std
2024-04-23 11:24:00,784:INFO:Creating metrics dataframe
2024-04-23 11:24:00,798:INFO:Uploading results into container
2024-04-23 11:24:00,799:INFO:Uploading model into container now
2024-04-23 11:24:00,801:INFO:_master_model_container: 13
2024-04-23 11:24:00,801:INFO:_display_container: 2
2024-04-23 11:24:00,806:INFO:RandomForestRegressor(n_jobs=-1, random_state=7230)
2024-04-23 11:24:00,807:INFO:create_model() successfully completed......................................
2024-04-23 11:24:01,103:INFO:SubProcess create_model() end ==================================
2024-04-23 11:24:01,103:INFO:Creating metrics dataframe
2024-04-23 11:24:01,133:INFO:Initializing Extra Trees Regressor
2024-04-23 11:24:01,133:INFO:Total runtime is 6.482348787784576 minutes
2024-04-23 11:24:01,137:INFO:SubProcess create_model() called ==================================
2024-04-23 11:24:01,138:INFO:Initializing create_model()
2024-04-23 11:24:01,138:INFO:create_model(self=<pycaret.regression.oop.RegressionExperiment object at 0x000002580E3AC7D0>, estimator=et, fold=KFold(n_splits=10, random_state=None, shuffle=False), round=4, cross_validation=True, predict=True, fit_kwargs={}, groups=None, refit=False, probability_threshold=None, experiment_custom_tags=None, verbose=False, system=False, add_to_model_list=True, metrics=None, display=<pycaret.internal.display.display.CommonDisplay object at 0x0000025832BD3C10>, model_only=True, return_train_score=False, error_score=0.0, kwargs={})
2024-04-23 11:24:01,138:INFO:Checking exceptions
2024-04-23 11:24:01,138:INFO:Importing libraries
2024-04-23 11:24:01,139:INFO:Copying training dataset
2024-04-23 11:24:01,277:INFO:Defining folds
2024-04-23 11:24:01,277:INFO:Declaring metric variables
2024-04-23 11:24:01,283:INFO:Importing untrained model
2024-04-23 11:24:01,288:INFO:Extra Trees Regressor Imported successfully
2024-04-23 11:24:01,299:INFO:Starting cross validation
2024-04-23 11:24:01,301:INFO:Cross validating with KFold(n_splits=10, random_state=None, shuffle=False), n_jobs=-1
2024-04-23 11:29:37,207:INFO:Calculating mean and std
2024-04-23 11:29:37,278:INFO:Creating metrics dataframe
2024-04-23 11:29:37,355:INFO:Uploading results into container
2024-04-23 11:29:37,360:INFO:Uploading model into container now
2024-04-23 11:29:37,369:INFO:_master_model_container: 14
2024-04-23 11:29:37,369:INFO:_display_container: 2
2024-04-23 11:29:37,377:INFO:ExtraTreesRegressor(n_jobs=-1, random_state=7230)
2024-04-23 11:29:37,380:INFO:create_model() successfully completed......................................
2024-04-23 11:29:38,369:INFO:SubProcess create_model() end ==================================
2024-04-23 11:29:38,370:INFO:Creating metrics dataframe
2024-04-23 11:29:38,436:INFO:Initializing AdaBoost Regressor
2024-04-23 11:29:38,438:INFO:Total runtime is 12.10408830245336 minutes
2024-04-23 11:29:38,450:INFO:SubProcess create_model() called ==================================
2024-04-23 11:29:38,459:INFO:Initializing create_model()
2024-04-23 11:29:38,459:INFO:create_model(self=<pycaret.regression.oop.RegressionExperiment object at 0x000002580E3AC7D0>, estimator=ada, fold=KFold(n_splits=10, random_state=None, shuffle=False), round=4, cross_validation=True, predict=True, fit_kwargs={}, groups=None, refit=False, probability_threshold=None, experiment_custom_tags=None, verbose=False, system=False, add_to_model_list=True, metrics=None, display=<pycaret.internal.display.display.CommonDisplay object at 0x0000025832BD3C10>, model_only=True, return_train_score=False, error_score=0.0, kwargs={})
2024-04-23 11:29:38,459:INFO:Checking exceptions
2024-04-23 11:29:38,459:INFO:Importing libraries
2024-04-23 11:29:38,461:INFO:Copying training dataset
2024-04-23 11:29:38,719:INFO:Defining folds
2024-04-23 11:29:38,720:INFO:Declaring metric variables
2024-04-23 11:29:38,730:INFO:Importing untrained model
2024-04-23 11:29:38,741:INFO:AdaBoost Regressor Imported successfully
2024-04-23 11:29:38,759:INFO:Starting cross validation
2024-04-23 11:29:38,764:INFO:Cross validating with KFold(n_splits=10, random_state=None, shuffle=False), n_jobs=-1
2024-04-23 11:30:42,847:INFO:Calculating mean and std
2024-04-23 11:30:42,850:INFO:Creating metrics dataframe
2024-04-23 11:30:42,855:INFO:Uploading results into container
2024-04-23 11:30:42,856:INFO:Uploading model into container now
2024-04-23 11:30:42,859:INFO:_master_model_container: 15
2024-04-23 11:30:42,859:INFO:_display_container: 2
2024-04-23 11:30:42,860:INFO:AdaBoostRegressor(random_state=7230)
2024-04-23 11:30:42,860:INFO:create_model() successfully completed......................................
2024-04-23 11:30:42,987:INFO:SubProcess create_model() end ==================================
2024-04-23 11:30:42,987:INFO:Creating metrics dataframe
2024-04-23 11:30:43,011:INFO:Initializing Gradient Boosting Regressor
2024-04-23 11:30:43,011:INFO:Total runtime is 13.18031003077825 minutes
2024-04-23 11:30:43,018:INFO:SubProcess create_model() called ==================================
2024-04-23 11:30:43,019:INFO:Initializing create_model()
2024-04-23 11:30:43,020:INFO:create_model(self=<pycaret.regression.oop.RegressionExperiment object at 0x000002580E3AC7D0>, estimator=gbr, fold=KFold(n_splits=10, random_state=None, shuffle=False), round=4, cross_validation=True, predict=True, fit_kwargs={}, groups=None, refit=False, probability_threshold=None, experiment_custom_tags=None, verbose=False, system=False, add_to_model_list=True, metrics=None, display=<pycaret.internal.display.display.CommonDisplay object at 0x0000025832BD3C10>, model_only=True, return_train_score=False, error_score=0.0, kwargs={})
2024-04-23 11:30:43,020:INFO:Checking exceptions
2024-04-23 11:30:43,020:INFO:Importing libraries
2024-04-23 11:30:43,020:INFO:Copying training dataset
2024-04-23 11:30:43,180:INFO:Defining folds
2024-04-23 11:30:43,180:INFO:Declaring metric variables
2024-04-23 11:30:43,188:INFO:Importing untrained model
2024-04-23 11:30:43,197:INFO:Gradient Boosting Regressor Imported successfully
2024-04-23 11:30:43,212:INFO:Starting cross validation
2024-04-23 11:30:43,507:INFO:Cross validating with KFold(n_splits=10, random_state=None, shuffle=False), n_jobs=-1
2024-04-23 11:32:54,485:INFO:Calculating mean and std
2024-04-23 11:32:54,487:INFO:Creating metrics dataframe
2024-04-23 11:32:54,492:INFO:Uploading results into container
2024-04-23 11:32:54,493:INFO:Uploading model into container now
2024-04-23 11:32:54,496:INFO:_master_model_container: 16
2024-04-23 11:32:54,496:INFO:_display_container: 2
2024-04-23 11:32:54,497:INFO:GradientBoostingRegressor(random_state=7230)
2024-04-23 11:32:54,497:INFO:create_model() successfully completed......................................
2024-04-23 11:32:54,634:INFO:SubProcess create_model() end ==================================
2024-04-23 11:32:54,634:INFO:Creating metrics dataframe
2024-04-23 11:32:54,661:INFO:Initializing Light Gradient Boosting Machine
2024-04-23 11:32:54,661:INFO:Total runtime is 15.374481066068014 minutes
2024-04-23 11:32:54,669:INFO:SubProcess create_model() called ==================================
2024-04-23 11:32:54,670:INFO:Initializing create_model()
2024-04-23 11:32:54,670:INFO:create_model(self=<pycaret.regression.oop.RegressionExperiment object at 0x000002580E3AC7D0>, estimator=lightgbm, fold=KFold(n_splits=10, random_state=None, shuffle=False), round=4, cross_validation=True, predict=True, fit_kwargs={}, groups=None, refit=False, probability_threshold=None, experiment_custom_tags=None, verbose=False, system=False, add_to_model_list=True, metrics=None, display=<pycaret.internal.display.display.CommonDisplay object at 0x0000025832BD3C10>, model_only=True, return_train_score=False, error_score=0.0, kwargs={})
2024-04-23 11:32:54,670:INFO:Checking exceptions
2024-04-23 11:32:54,670:INFO:Importing libraries
2024-04-23 11:32:54,671:INFO:Copying training dataset
2024-04-23 11:32:54,828:INFO:Defining folds
2024-04-23 11:32:54,829:INFO:Declaring metric variables
2024-04-23 11:32:54,835:INFO:Importing untrained model
2024-04-23 11:32:54,844:INFO:Light Gradient Boosting Machine Imported successfully
2024-04-23 11:32:54,859:INFO:Starting cross validation
2024-04-23 11:32:54,861:INFO:Cross validating with KFold(n_splits=10, random_state=None, shuffle=False), n_jobs=-1
2024-04-23 11:33:06,935:INFO:Calculating mean and std
2024-04-23 11:33:06,938:INFO:Creating metrics dataframe
2024-04-23 11:33:06,942:INFO:Uploading results into container
2024-04-23 11:33:06,944:INFO:Uploading model into container now
2024-04-23 11:33:06,945:INFO:_master_model_container: 17
2024-04-23 11:33:06,945:INFO:_display_container: 2
2024-04-23 11:33:06,946:INFO:LGBMRegressor(n_jobs=-1, random_state=7230)
2024-04-23 11:33:06,946:INFO:create_model() successfully completed......................................
2024-04-23 11:33:07,079:INFO:SubProcess create_model() end ==================================
2024-04-23 11:33:07,080:INFO:Creating metrics dataframe
2024-04-23 11:33:07,102:INFO:Initializing Dummy Regressor
2024-04-23 11:33:07,103:INFO:Total runtime is 15.581854875882467 minutes
2024-04-23 11:33:07,110:INFO:SubProcess create_model() called ==================================
2024-04-23 11:33:07,111:INFO:Initializing create_model()
2024-04-23 11:33:07,111:INFO:create_model(self=<pycaret.regression.oop.RegressionExperiment object at 0x000002580E3AC7D0>, estimator=dummy, fold=KFold(n_splits=10, random_state=None, shuffle=False), round=4, cross_validation=True, predict=True, fit_kwargs={}, groups=None, refit=False, probability_threshold=None, experiment_custom_tags=None, verbose=False, system=False, add_to_model_list=True, metrics=None, display=<pycaret.internal.display.display.CommonDisplay object at 0x0000025832BD3C10>, model_only=True, return_train_score=False, error_score=0.0, kwargs={})
2024-04-23 11:33:07,112:INFO:Checking exceptions
2024-04-23 11:33:07,112:INFO:Importing libraries
2024-04-23 11:33:07,112:INFO:Copying training dataset
2024-04-23 11:33:07,273:INFO:Defining folds
2024-04-23 11:33:07,273:INFO:Declaring metric variables
2024-04-23 11:33:07,281:INFO:Importing untrained model
2024-04-23 11:33:07,289:INFO:Dummy Regressor Imported successfully
2024-04-23 11:33:07,311:INFO:Starting cross validation
2024-04-23 11:33:07,313:INFO:Cross validating with KFold(n_splits=10, random_state=None, shuffle=False), n_jobs=-1
2024-04-23 11:33:11,620:INFO:Calculating mean and std
2024-04-23 11:33:11,622:INFO:Creating metrics dataframe
2024-04-23 11:33:11,626:INFO:Uploading results into container
2024-04-23 11:33:11,627:INFO:Uploading model into container now
2024-04-23 11:33:11,628:INFO:_master_model_container: 18
2024-04-23 11:33:11,628:INFO:_display_container: 2
2024-04-23 11:33:11,629:INFO:DummyRegressor()
2024-04-23 11:33:11,629:INFO:create_model() successfully completed......................................
2024-04-23 11:33:11,748:INFO:SubProcess create_model() end ==================================
2024-04-23 11:33:11,748:INFO:Creating metrics dataframe
2024-04-23 11:33:11,788:WARNING:C:\Users\User\Nueva carpeta\envs\myenv311\Lib\site-packages\pycaret\internal\pycaret_experiment\supervised_experiment.py:339: FutureWarning: Styler.applymap has been deprecated. Use Styler.map instead.
  .applymap(highlight_cols, subset=["TT (Sec)"])

2024-04-23 11:33:11,806:INFO:Initializing create_model()
2024-04-23 11:33:11,806:INFO:create_model(self=<pycaret.regression.oop.RegressionExperiment object at 0x000002580E3AC7D0>, estimator=RandomForestRegressor(n_jobs=-1, random_state=7230), fold=KFold(n_splits=10, random_state=None, shuffle=False), round=4, cross_validation=False, predict=False, fit_kwargs={}, groups=None, refit=True, probability_threshold=None, experiment_custom_tags=None, verbose=False, system=False, add_to_model_list=True, metrics=None, display=None, model_only=True, return_train_score=False, error_score=0.0, kwargs={})
2024-04-23 11:33:11,807:INFO:Checking exceptions
2024-04-23 11:33:11,815:INFO:Importing libraries
2024-04-23 11:33:11,815:INFO:Copying training dataset
2024-04-23 11:33:11,969:INFO:Defining folds
2024-04-23 11:33:11,969:INFO:Declaring metric variables
2024-04-23 11:33:11,970:INFO:Importing untrained model
2024-04-23 11:33:11,970:INFO:Declaring custom model
2024-04-23 11:33:11,971:INFO:Random Forest Regressor Imported successfully
2024-04-23 11:33:11,974:INFO:Cross validation set to False
2024-04-23 11:33:11,974:INFO:Fitting Model
2024-04-23 11:33:56,732:INFO:RandomForestRegressor(n_jobs=-1, random_state=7230)
2024-04-23 11:33:56,732:INFO:create_model() successfully completed......................................
2024-04-23 11:33:56,935:INFO:_master_model_container: 18
2024-04-23 11:33:56,936:INFO:_display_container: 2
2024-04-23 11:33:56,936:INFO:RandomForestRegressor(n_jobs=-1, random_state=7230)
2024-04-23 11:33:56,937:INFO:compare_models() successfully completed......................................
